<?xml version="1.0" encoding="UTF-8"?>
<testsuite xmlns:xsi="http://www.w3.org/2001/XMLSchema-instance" xsi:noNamespaceSchemaLocation="https://maven.apache.org/surefire/maven-surefire-plugin/xsd/surefire-test-report.xsd" name="com.example.demo.MyClassTest" time="0" tests="4" errors="0" skipped="0" failures="0">
  <properties>
[...]
</properties>
  <testcase name="foo1" classname="com.example.demo.MyClassTest" time="0"/>
  <testcase name="foo2" classname="com.example.demo.MyClassTest" time="0"/>
  <testcase name="foo3" classname="com.example.demo.MyClassTest" time="0"/>
  <testcase name="foo4" classname="com.example.demo.MyClassTest" time="0"/>
</testsuite>